{"/home/ti-3/Área de trabalho/projetos/pomodoro-codeform/src/app/layout.tsx": {"path":"/home/ti-3/Área de trabalho/projetos/pomodoro-codeform/src/app/layout.tsx","statementMap":{"0":{"start":{"line":22,"column":0},"end":{"line":22,"column":24}},"1":{"start":{"line":2,"column":0},"end":{"line":2,"column":53}},"2":{"start":{"line":3,"column":0},"end":{"line":3,"column":33}},"3":{"start":{"line":4,"column":0},"end":{"line":4,"column":23}},"4":{"start":{"line":5,"column":0},"end":{"line":5,"column":74}},"5":{"start":{"line":7,"column":18},"end":{"line":10,"column":2}},"6":{"start":{"line":12,"column":18},"end":{"line":15,"column":2}},"7":{"start":{"line":17,"column":13},"end":{"line":20,"column":2}},"8":{"start":{"line":28,"column":4},"end":{"line":30,"column":17}},"9":{"start":{"line":32,"column":2},"end":{"line":42,"column":4}}},"fnMap":{"0":{"name":"RootLayout","decl":{"start":{"line":22,"column":24},"end":{"line":22,"column":34}},"loc":{"start":{"line":26,"column":2},"end":{"line":43,"column":1}}}},"branchMap":{"0":{"loc":{"start":{"line":28,"column":4},"end":{"line":30,"column":17}},"type":"cond-expr","locations":[{"start":{"line":29,"column":8},"end":{"line":29,"column":35}},{"start":{"line":30,"column":8},"end":{"line":30,"column":17}}]}},"s":{"0":0,"1":0,"2":0,"3":0,"4":0,"5":0,"6":0,"7":0,"8":0,"9":0},"f":{"0":0},"b":{"0":[0,0]}}
,"/home/ti-3/Área de trabalho/projetos/pomodoro-codeform/src/app/page.tsx": {"path":"/home/ti-3/Área de trabalho/projetos/pomodoro-codeform/src/app/page.tsx","statementMap":{"0":{"start":{"line":3,"column":0},"end":{"line":3,"column":24}},"1":{"start":{"line":1,"column":0},"end":{"line":1,"column":92}},"2":{"start":{"line":4,"column":2},"end":{"line":4,"column":30}}},"fnMap":{"0":{"name":"Home","decl":{"start":{"line":3,"column":24},"end":{"line":3,"column":28}},"loc":{"start":{"line":3,"column":28},"end":{"line":5,"column":1}}}},"branchMap":{},"s":{"0":0,"1":0,"2":0},"f":{"0":0},"b":{}}
,"/home/ti-3/Área de trabalho/projetos/pomodoro-codeform/src/core/api/health.ts": {"path":"/home/ti-3/Área de trabalho/projetos/pomodoro-codeform/src/core/api/health.ts","statementMap":{"0":{"start":{"line":17,"column":0},"end":{"line":17,"column":16}},"1":{"start":{"line":39,"column":0},"end":{"line":39,"column":16}},"2":{"start":{"line":53,"column":0},"end":{"line":53,"column":7}},"3":{"start":{"line":1,"column":0},"end":{"line":1,"column":63}},"4":{"start":{"line":14,"column":2},"end":{"line":14,"column":53}},"5":{"start":{"line":18,"column":2},"end":{"line":20,"column":3}},"6":{"start":{"line":19,"column":4},"end":{"line":19,"column":52}},"7":{"start":{"line":22,"column":17},"end":{"line":22,"column":29}},"8":{"start":{"line":23,"column":20},"end":{"line":23,"column":35}},"9":{"start":{"line":25,"column":2},"end":{"line":27,"column":3}},"10":{"start":{"line":26,"column":4},"end":{"line":26,"column":52}},"11":{"start":{"line":29,"column":2},"end":{"line":31,"column":3}},"12":{"start":{"line":30,"column":4},"end":{"line":30,"column":52}},"13":{"start":{"line":33,"column":2},"end":{"line":36,"column":4}},"14":{"start":{"line":40,"column":15},"end":{"line":40,"column":41}},"15":{"start":{"line":41,"column":15},"end":{"line":41,"column":29}},"16":{"start":{"line":43,"column":2},"end":{"line":45,"column":3}},"17":{"start":{"line":44,"column":4},"end":{"line":44,"column":53}},"18":{"start":{"line":47,"column":2},"end":{"line":50,"column":4}},"19":{"start":{"line":54,"column":17},"end":{"line":54,"column":41}},"20":{"start":{"line":55,"column":18},"end":{"line":55,"column":49}},"21":{"start":{"line":56,"column":2},"end":{"line":56,"column":38}}},"fnMap":{"0":{"name":"isRecord","decl":{"start":{"line":13,"column":9},"end":{"line":13,"column":17}},"loc":{"start":{"line":13,"column":32},"end":{"line":15,"column":1}}},"1":{"name":"parseHealthResponse","decl":{"start":{"line":17,"column":16},"end":{"line":17,"column":35}},"loc":{"start":{"line":17,"column":50},"end":{"line":37,"column":1}}},"2":{"name":"toHealthClock","decl":{"start":{"line":39,"column":16},"end":{"line":39,"column":29}},"loc":{"start":{"line":39,"column":52},"end":{"line":51,"column":1}}},"3":{"name":"fetchHealth","decl":{"start":{"line":53,"column":22},"end":{"line":53,"column":33}},"loc":{"start":{"line":53,"column":48},"end":{"line":57,"column":1}}}},"branchMap":{"0":{"loc":{"start":{"line":14,"column":9},"end":{"line":14,"column":52}},"type":"binary-expr","locations":[{"start":{"line":14,"column":9},"end":{"line":14,"column":34}},{"start":{"line":14,"column":38},"end":{"line":14,"column":52}}]},"1":{"loc":{"start":{"line":18,"column":2},"end":{"line":20,"column":3}},"type":"if","locations":[{"start":{"line":18,"column":2},"end":{"line":20,"column":3}},{"start":{},"end":{}}]},"2":{"loc":{"start":{"line":25,"column":2},"end":{"line":27,"column":3}},"type":"if","locations":[{"start":{"line":25,"column":2},"end":{"line":27,"column":3}},{"start":{},"end":{}}]},"3":{"loc":{"start":{"line":29,"column":2},"end":{"line":31,"column":3}},"type":"if","locations":[{"start":{"line":29,"column":2},"end":{"line":31,"column":3}},{"start":{},"end":{}}]},"4":{"loc":{"start":{"line":29,"column":6},"end":{"line":29,"column":68}},"type":"binary-expr","locations":[{"start":{"line":29,"column":6},"end":{"line":29,"column":35}},{"start":{"line":29,"column":39},"end":{"line":29,"column":68}}]},"5":{"loc":{"start":{"line":43,"column":2},"end":{"line":45,"column":3}},"type":"if","locations":[{"start":{"line":43,"column":2},"end":{"line":45,"column":3}},{"start":{},"end":{}}]}},"s":{"0":2,"1":2,"2":2,"3":2,"4":8,"5":8,"6":3,"7":5,"8":5,"9":5,"10":1,"11":4,"12":2,"13":2,"14":3,"15":3,"16":3,"17":1,"18":2,"19":3,"20":3,"21":0},"f":{"0":8,"1":8,"2":3,"3":3},"b":{"0":[8,6],"1":[3,5],"2":[1,4],"3":[2,2],"4":[4,3],"5":[1,2]}}
,"/home/ti-3/Área de trabalho/projetos/pomodoro-codeform/src/core/api/http/http-client.ts": {"path":"/home/ti-3/Área de trabalho/projetos/pomodoro-codeform/src/core/api/http/http-client.ts","statementMap":{"0":{"start":{"line":15,"column":0},"end":{"line":15,"column":16}},"1":{"start":{"line":6,"column":2},"end":{"line":6,"column":40}},"2":{"start":{"line":10,"column":2},"end":{"line":12,"column":3}},"3":{"start":{"line":11,"column":4},"end":{"line":11,"column":78}},"4":{"start":{"line":16,"column":15},"end":{"line":16,"column":31}},"5":{"start":{"line":18,"column":2},"end":{"line":37,"column":4}},"6":{"start":{"line":20,"column":6},"end":{"line":20,"column":31}},"7":{"start":{"line":22,"column":18},"end":{"line":22,"column":37}},"8":{"start":{"line":23,"column":23},"end":{"line":29,"column":8}},"9":{"start":{"line":31,"column":6},"end":{"line":33,"column":7}},"10":{"start":{"line":32,"column":8},"end":{"line":32,"column":80}},"11":{"start":{"line":35,"column":6},"end":{"line":35,"column":49}}},"fnMap":{"0":{"name":"createCorrelationId","decl":{"start":{"line":5,"column":9},"end":{"line":5,"column":28}},"loc":{"start":{"line":5,"column":28},"end":{"line":7,"column":1}}},"1":{"name":"assertAbsolutePath","decl":{"start":{"line":9,"column":9},"end":{"line":9,"column":27}},"loc":{"start":{"line":9,"column":40},"end":{"line":13,"column":1}}},"2":{"name":"createHttpClient","decl":{"start":{"line":15,"column":16},"end":{"line":15,"column":32}},"loc":{"start":{"line":15,"column":48},"end":{"line":38,"column":1}}},"3":{"name":"(anonymous_3)","decl":{"start":{"line":19,"column":4},"end":{"line":19,"column":9}},"loc":{"start":{"line":19,"column":30},"end":{"line":36,"column":5}}}},"branchMap":{"0":{"loc":{"start":{"line":10,"column":2},"end":{"line":12,"column":3}},"type":"if","locations":[{"start":{"line":10,"column":2},"end":{"line":12,"column":3}},{"start":{},"end":{}}]},"1":{"loc":{"start":{"line":31,"column":6},"end":{"line":33,"column":7}},"type":"if","locations":[{"start":{"line":31,"column":6},"end":{"line":33,"column":7}},{"start":{},"end":{}}]}},"s":{"0":2,"1":3,"2":3,"3":0,"4":3,"5":3,"6":3,"7":3,"8":3,"9":0,"10":0,"11":0},"f":{"0":3,"1":3,"2":3,"3":3},"b":{"0":[0,3],"1":[0,0]}}
,"/home/ti-3/Área de trabalho/projetos/pomodoro-codeform/src/core/config/env.ts": {"path":"/home/ti-3/Área de trabalho/projetos/pomodoro-codeform/src/core/config/env.ts","statementMap":{"0":{"start":{"line":94,"column":0},"end":{"line":94,"column":16}},"1":{"start":{"line":13,"column":16},"end":{"line":13,"column":27}},"2":{"start":{"line":15,"column":2},"end":{"line":17,"column":3}},"3":{"start":{"line":16,"column":4},"end":{"line":16,"column":60}},"4":{"start":{"line":19,"column":2},"end":{"line":19,"column":22}},"5":{"start":{"line":26,"column":16},"end":{"line":26,"column":27}},"6":{"start":{"line":28,"column":2},"end":{"line":28,"column":47}},"7":{"start":{"line":28,"column":34},"end":{"line":28,"column":47}},"8":{"start":{"line":30,"column":2},"end":{"line":33,"column":3}},"9":{"start":{"line":31,"column":4},"end":{"line":31,"column":38}},"10":{"start":{"line":31,"column":26},"end":{"line":31,"column":38}},"11":{"start":{"line":32,"column":4},"end":{"line":32,"column":40}},"12":{"start":{"line":32,"column":27},"end":{"line":32,"column":40}},"13":{"start":{"line":35,"column":2},"end":{"line":35,"column":59}},"14":{"start":{"line":39,"column":2},"end":{"line":46,"column":3}},"15":{"start":{"line":40,"column":16},"end":{"line":40,"column":30}},"16":{"start":{"line":41,"column":4},"end":{"line":43,"column":5}},"17":{"start":{"line":42,"column":6},"end":{"line":42,"column":46}},"18":{"start":{"line":45,"column":4},"end":{"line":45,"column":61}},"19":{"start":{"line":50,"column":14},"end":{"line":50,"column":32}},"20":{"start":{"line":52,"column":2},"end":{"line":56,"column":3}},"21":{"start":{"line":53,"column":4},"end":{"line":55,"column":6}},"22":{"start":{"line":58,"column":17},"end":{"line":58,"column":50}},"23":{"start":{"line":59,"column":2},"end":{"line":59,"column":40}},"24":{"start":{"line":61,"column":2},"end":{"line":65,"column":4}},"25":{"start":{"line":69,"column":16},"end":{"line":69,"column":32}},"26":{"start":{"line":71,"column":2},"end":{"line":73,"column":3}},"27":{"start":{"line":72,"column":4},"end":{"line":72,"column":60}},"28":{"start":{"line":75,"column":2},"end":{"line":75,"column":22}},"29":{"start":{"line":79,"column":17},"end":{"line":79,"column":53}},"30":{"start":{"line":80,"column":2},"end":{"line":80,"column":40}},"31":{"start":{"line":82,"column":19},"end":{"line":82,"column":53}},"32":{"start":{"line":83,"column":2},"end":{"line":85,"column":3}},"33":{"start":{"line":84,"column":4},"end":{"line":84,"column":84}},"34":{"start":{"line":87,"column":2},"end":{"line":91,"column":4}},"35":{"start":{"line":95,"column":2},"end":{"line":97,"column":3}},"36":{"start":{"line":96,"column":4},"end":{"line":96,"column":27}},"37":{"start":{"line":99,"column":2},"end":{"line":99,"column":25}}},"fnMap":{"0":{"name":"getRequiredString","decl":{"start":{"line":9,"column":9},"end":{"line":9,"column":26}},"loc":{"start":{"line":11,"column":18},"end":{"line":20,"column":1}}},"1":{"name":"parseRequiredBoolean","decl":{"start":{"line":22,"column":9},"end":{"line":22,"column":29}},"loc":{"start":{"line":24,"column":18},"end":{"line":36,"column":1}}},"2":{"name":"assertValidHttpUrl","decl":{"start":{"line":38,"column":9},"end":{"line":38,"column":27}},"loc":{"start":{"line":38,"column":59},"end":{"line":47,"column":1}}},"3":{"name":"readClientEnv","decl":{"start":{"line":49,"column":9},"end":{"line":49,"column":22}},"loc":{"start":{"line":49,"column":22},"end":{"line":66,"column":1}}},"4":{"name":"getRequiredServerEnvValue","decl":{"start":{"line":68,"column":9},"end":{"line":68,"column":34}},"loc":{"start":{"line":68,"column":51},"end":{"line":76,"column":1}}},"5":{"name":"readServerEnv","decl":{"start":{"line":78,"column":9},"end":{"line":78,"column":22}},"loc":{"start":{"line":78,"column":22},"end":{"line":92,"column":1}}},"6":{"name":"getAppEnv","decl":{"start":{"line":94,"column":16},"end":{"line":94,"column":25}},"loc":{"start":{"line":94,"column":25},"end":{"line":100,"column":1}}}},"branchMap":{"0":{"loc":{"start":{"line":15,"column":2},"end":{"line":17,"column":3}},"type":"if","locations":[{"start":{"line":15,"column":2},"end":{"line":17,"column":3}},{"start":{},"end":{}}]},"1":{"loc":{"start":{"line":15,"column":6},"end":{"line":15,"column":60}},"type":"binary-expr","locations":[{"start":{"line":15,"column":6},"end":{"line":15,"column":31}},{"start":{"line":15,"column":35},"end":{"line":15,"column":60}}]},"2":{"loc":{"start":{"line":28,"column":2},"end":{"line":28,"column":47}},"type":"if","locations":[{"start":{"line":28,"column":2},"end":{"line":28,"column":47}},{"start":{},"end":{}}]},"3":{"loc":{"start":{"line":30,"column":2},"end":{"line":33,"column":3}},"type":"if","locations":[{"start":{"line":30,"column":2},"end":{"line":33,"column":3}},{"start":{},"end":{}}]},"4":{"loc":{"start":{"line":31,"column":4},"end":{"line":31,"column":38}},"type":"if","locations":[{"start":{"line":31,"column":4},"end":{"line":31,"column":38}},{"start":{},"end":{}}]},"5":{"loc":{"start":{"line":32,"column":4},"end":{"line":32,"column":40}},"type":"if","locations":[{"start":{"line":32,"column":4},"end":{"line":32,"column":40}},{"start":{},"end":{}}]},"6":{"loc":{"start":{"line":41,"column":4},"end":{"line":43,"column":5}},"type":"if","locations":[{"start":{"line":41,"column":4},"end":{"line":43,"column":5}},{"start":{},"end":{}}]},"7":{"loc":{"start":{"line":41,"column":8},"end":{"line":41,"column":61}},"type":"binary-expr","locations":[{"start":{"line":41,"column":8},"end":{"line":41,"column":32}},{"start":{"line":41,"column":36},"end":{"line":41,"column":61}}]},"8":{"loc":{"start":{"line":52,"column":2},"end":{"line":56,"column":3}},"type":"if","locations":[{"start":{"line":52,"column":2},"end":{"line":56,"column":3}},{"start":{},"end":{}}]},"9":{"loc":{"start":{"line":71,"column":2},"end":{"line":73,"column":3}},"type":"if","locations":[{"start":{"line":71,"column":2},"end":{"line":73,"column":3}},{"start":{},"end":{}}]},"10":{"loc":{"start":{"line":71,"column":6},"end":{"line":71,"column":60}},"type":"binary-expr","locations":[{"start":{"line":71,"column":6},"end":{"line":71,"column":31}},{"start":{"line":71,"column":35},"end":{"line":71,"column":60}}]},"11":{"loc":{"start":{"line":83,"column":2},"end":{"line":85,"column":3}},"type":"if","locations":[{"start":{"line":83,"column":2},"end":{"line":85,"column":3}},{"start":{},"end":{}}]},"12":{"loc":{"start":{"line":83,"column":6},"end":{"line":83,"column":49}},"type":"binary-expr","locations":[{"start":{"line":83,"column":6},"end":{"line":83,"column":25}},{"start":{"line":83,"column":29},"end":{"line":83,"column":49}}]},"13":{"loc":{"start":{"line":95,"column":2},"end":{"line":97,"column":3}},"type":"if","locations":[{"start":{"line":95,"column":2},"end":{"line":97,"column":3}},{"start":{},"end":{}}]}},"s":{"0":0,"1":0,"2":0,"3":0,"4":0,"5":0,"6":0,"7":0,"8":0,"9":0,"10":0,"11":0,"12":0,"13":0,"14":0,"15":0,"16":0,"17":0,"18":0,"19":0,"20":0,"21":0,"22":0,"23":0,"24":0,"25":0,"26":0,"27":0,"28":0,"29":0,"30":0,"31":0,"32":0,"33":0,"34":0,"35":0,"36":0,"37":0},"f":{"0":0,"1":0,"2":0,"3":0,"4":0,"5":0,"6":0},"b":{"0":[0,0],"1":[0,0],"2":[0,0],"3":[0,0],"4":[0,0],"5":[0,0],"6":[0,0],"7":[0,0],"8":[0,0],"9":[0,0],"10":[0,0],"11":[0,0],"12":[0,0],"13":[0,0]}}
,"/home/ti-3/Área de trabalho/projetos/pomodoro-codeform/src/core/config/runtime-env-validator.tsx": {"path":"/home/ti-3/Área de trabalho/projetos/pomodoro-codeform/src/core/config/runtime-env-validator.tsx","statementMap":{"0":{"start":{"line":5,"column":0},"end":{"line":5,"column":16}},"1":{"start":{"line":3,"column":0},"end":{"line":3,"column":46}},"2":{"start":{"line":7,"column":2},"end":{"line":7,"column":14}},"3":{"start":{"line":9,"column":2},"end":{"line":9,"column":14}}},"fnMap":{"0":{"name":"RuntimeEnvValidator","decl":{"start":{"line":5,"column":16},"end":{"line":5,"column":35}},"loc":{"start":{"line":5,"column":35},"end":{"line":10,"column":1}}}},"branchMap":{},"s":{"0":0,"1":0,"2":0,"3":0},"f":{"0":0},"b":{}}
,"/home/ti-3/Área de trabalho/projetos/pomodoro-codeform/src/modules/pomodoro/presentation/components/api-health-panel.tsx": {"path":"/home/ti-3/Área de trabalho/projetos/pomodoro-codeform/src/modules/pomodoro/presentation/components/api-health-panel.tsx","statementMap":{"0":{"start":{"line":13,"column":0},"end":{"line":13,"column":16}},"1":{"start":{"line":3,"column":0},"end":{"line":3,"column":57}},"2":{"start":{"line":4,"column":0},"end":{"line":4,"column":46}},"3":{"start":{"line":5,"column":0},"end":{"line":5,"column":84}},"4":{"start":{"line":14,"column":14},"end":{"line":14,"column":25}},"5":{"start":{"line":16,"column":28},"end":{"line":16,"column":74}},"6":{"start":{"line":18,"column":15},"end":{"line":28,"column":19}},"7":{"start":{"line":19,"column":4},"end":{"line":19,"column":36}},"8":{"start":{"line":20,"column":4},"end":{"line":27,"column":5}},"9":{"start":{"line":21,"column":21},"end":{"line":21,"column":51}},"10":{"start":{"line":22,"column":6},"end":{"line":22,"column":46}},"11":{"start":{"line":25,"column":8},"end":{"line":25,"column":90}},"12":{"start":{"line":26,"column":6},"end":{"line":26,"column":45}},"13":{"start":{"line":30,"column":2},"end":{"line":36,"column":24}},"14":{"start":{"line":31,"column":4},"end":{"line":33,"column":5}},"15":{"start":{"line":32,"column":6},"end":{"line":32,"column":13}},"16":{"start":{"line":35,"column":4},"end":{"line":35,"column":16}},"17":{"start":{"line":38,"column":2},"end":{"line":40,"column":3}},"18":{"start":{"line":39,"column":4},"end":{"line":39,"column":16}},"19":{"start":{"line":42,"column":2},"end":{"line":98,"column":4}},"20":{"start":{"line":78,"column":26},"end":{"line":78,"column":53}},"21":{"start":{"line":79,"column":12},"end":{"line":88,"column":14}}},"fnMap":{"0":{"name":"ApiHealthPanel","decl":{"start":{"line":13,"column":16},"end":{"line":13,"column":30}},"loc":{"start":{"line":13,"column":30},"end":{"line":99,"column":1}}},"1":{"name":"(anonymous_1)","decl":{"start":{"line":18,"column":27},"end":{"line":18,"column":32}},"loc":{"start":{"line":18,"column":38},"end":{"line":28,"column":3}}},"2":{"name":"(anonymous_2)","decl":{"start":{"line":30,"column":12},"end":{"line":30,"column":15}},"loc":{"start":{"line":30,"column":17},"end":{"line":36,"column":3}}},"3":{"name":"(anonymous_3)","decl":{"start":{"line":77,"column":11},"end":{"line":77,"column":14}},"loc":{"start":{"line":77,"column":16},"end":{"line":89,"column":11}}}},"branchMap":{"0":{"loc":{"start":{"line":25,"column":8},"end":{"line":25,"column":90}},"type":"cond-expr","locations":[{"start":{"line":25,"column":33},"end":{"line":25,"column":46}},{"start":{"line":25,"column":49},"end":{"line":25,"column":90}}]},"1":{"loc":{"start":{"line":31,"column":4},"end":{"line":33,"column":5}},"type":"if","locations":[{"start":{"line":31,"column":4},"end":{"line":33,"column":5}},{"start":{},"end":{}}]},"2":{"loc":{"start":{"line":38,"column":2},"end":{"line":40,"column":3}},"type":"if","locations":[{"start":{"line":38,"column":2},"end":{"line":40,"column":3}},{"start":{},"end":{}}]},"3":{"loc":{"start":{"line":70,"column":9},"end":{"line":71,"column":null}},"type":"binary-expr","locations":[{"start":{"line":70,"column":9},"end":{"line":70,"column":32}},{"start":{"line":71,"column":10},"end":{"line":71,"column":55}}]},"4":{"loc":{"start":{"line":73,"column":9},"end":{"line":74,"column":null}},"type":"binary-expr","locations":[{"start":{"line":73,"column":9},"end":{"line":73,"column":35}},{"start":{"line":74,"column":10},"end":{"line":74,"column":64}}]},"5":{"loc":{"start":{"line":76,"column":9},"end":{"line":89,"column":null}},"type":"binary-expr","locations":[{"start":{"line":76,"column":9},"end":{"line":76,"column":35}},{"start":{"line":77,"column":10},"end":{"line":89,"column":14}}]},"6":{"loc":{"start":{"line":91,"column":9},"end":{"line":94,"column":null}},"type":"binary-expr","locations":[{"start":{"line":91,"column":9},"end":{"line":91,"column":33}},{"start":{"line":92,"column":10},"end":{"line":93,"column":null}}]}},"s":{"0":0,"1":0,"2":0,"3":0,"4":0,"5":0,"6":0,"7":0,"8":0,"9":0,"10":0,"11":0,"12":0,"13":0,"14":0,"15":0,"16":0,"17":0,"18":0,"19":0,"20":0,"21":0},"f":{"0":0,"1":0,"2":0,"3":0},"b":{"0":[0,0],"1":[0,0],"2":[0,0],"3":[0,0],"4":[0,0],"5":[0,0],"6":[0,0]}}
,"/home/ti-3/Área de trabalho/projetos/pomodoro-codeform/src/modules/pomodoro/presentation/components/pomodoro-todo-list.tsx": {"path":"/home/ti-3/Área de trabalho/projetos/pomodoro-codeform/src/modules/pomodoro/presentation/components/pomodoro-todo-list.tsx","statementMap":{"0":{"start":{"line":1,"column":0},"end":{"line":1,"column":33}},"1":{"start":{"line":11,"column":32},"end":{"line":111,"column":1}},"2":{"start":{"line":17,"column":42},"end":{"line":17,"column":54}},"3":{"start":{"line":18,"column":48},"end":{"line":18,"column":60}},"4":{"start":{"line":20,"column":20},"end":{"line":30,"column":3}},"5":{"start":{"line":21,"column":4},"end":{"line":21,"column":23}},"6":{"start":{"line":22,"column":25},"end":{"line":22,"column":44}},"7":{"start":{"line":23,"column":28},"end":{"line":23,"column":50}},"8":{"start":{"line":25,"column":4},"end":{"line":29,"column":5}},"9":{"start":{"line":26,"column":6},"end":{"line":26,"column":43}},"10":{"start":{"line":27,"column":6},"end":{"line":27,"column":26}},"11":{"start":{"line":28,"column":6},"end":{"line":28,"column":29}},"12":{"start":{"line":32,"column":2},"end":{"line":110,"column":4}},"13":{"start":{"line":45,"column":27},"end":{"line":45,"column":58}},"14":{"start":{"line":52,"column":27},"end":{"line":52,"column":61}},"15":{"start":{"line":67,"column":10},"end":{"line":68,"column":null}},"16":{"start":{"line":74,"column":30},"end":{"line":74,"column":47}},"17":{"start":{"line":95,"column":29},"end":{"line":95,"column":46}},"18":{"start":{"line":11,"column":13},"end":{"line":11,"column":32}}},"fnMap":{"0":{"name":"(anonymous_0)","decl":{"start":{"line":11,"column":32},"end":{"line":11,"column":33}},"loc":{"start":{"line":16,"column":28},"end":{"line":111,"column":1}}},"1":{"name":"(anonymous_1)","decl":{"start":{"line":20,"column":20},"end":{"line":20,"column":21}},"loc":{"start":{"line":20,"column":43},"end":{"line":30,"column":3}}},"2":{"name":"(anonymous_2)","decl":{"start":{"line":45,"column":20},"end":{"line":45,"column":21}},"loc":{"start":{"line":45,"column":27},"end":{"line":45,"column":58}}},"3":{"name":"(anonymous_3)","decl":{"start":{"line":52,"column":20},"end":{"line":52,"column":21}},"loc":{"start":{"line":52,"column":27},"end":{"line":52,"column":61}}},"4":{"name":"(anonymous_4)","decl":{"start":{"line":66,"column":19},"end":{"line":66,"column":20}},"loc":{"start":{"line":67,"column":10},"end":{"line":68,"column":null}}},"5":{"name":"(anonymous_5)","decl":{"start":{"line":74,"column":24},"end":{"line":74,"column":27}},"loc":{"start":{"line":74,"column":30},"end":{"line":74,"column":47}}},"6":{"name":"(anonymous_6)","decl":{"start":{"line":95,"column":23},"end":{"line":95,"column":26}},"loc":{"start":{"line":95,"column":29},"end":{"line":95,"column":46}}}},"branchMap":{"0":{"loc":{"start":{"line":25,"column":4},"end":{"line":29,"column":5}},"type":"if","locations":[{"start":{"line":25,"column":4},"end":{"line":29,"column":5}},{"start":{},"end":{}}]},"1":{"loc":{"start":{"line":25,"column":8},"end":{"line":25,"column":39}},"type":"binary-expr","locations":[{"start":{"line":25,"column":8},"end":{"line":25,"column":20}},{"start":{"line":25,"column":24},"end":{"line":25,"column":39}}]},"2":{"loc":{"start":{"line":58,"column":20},"end":{"line":58,"column":67}},"type":"binary-expr","locations":[{"start":{"line":58,"column":20},"end":{"line":58,"column":40}},{"start":{"line":58,"column":44},"end":{"line":58,"column":67}}]},"3":{"loc":{"start":{"line":80,"column":18},"end":{"line":82,"column":null}},"type":"cond-expr","locations":[{"start":{"line":81,"column":22},"end":{"line":81,"column":51}},{"start":{"line":82,"column":22},"end":{"line":82,"column":null}}]},"4":{"loc":{"start":{"line":103,"column":9},"end":{"line":106,"column":null}},"type":"binary-expr","locations":[{"start":{"line":103,"column":9},"end":{"line":103,"column":27}},{"start":{"line":104,"column":10},"end":{"line":104,"column":null}}]}},"s":{"0":0,"1":0,"2":0,"3":0,"4":0,"5":0,"6":0,"7":0,"8":0,"9":0,"10":0,"11":0,"12":0,"13":0,"14":0,"15":0,"16":0,"17":0,"18":0},"f":{"0":0,"1":0,"2":0,"3":0,"4":0,"5":0,"6":0},"b":{"0":[0,0],"1":[0,0],"2":[0,0],"3":[0,0],"4":[0,0]}}
,"/home/ti-3/Área de trabalho/projetos/pomodoro-codeform/src/modules/pomodoro/presentation/viewmodels/pomodoro-timer.view-model.ts": {"path":"/home/ti-3/Área de trabalho/projetos/pomodoro-codeform/src/modules/pomodoro/presentation/viewmodels/pomodoro-timer.view-model.ts","statementMap":{"0":{"start":{"line":1,"column":0},"end":{"line":1,"column":57}},"1":{"start":{"line":22,"column":18},"end":{"line":33,"column":2}},"2":{"start":{"line":36,"column":2},"end":{"line":36,"column":67}},"3":{"start":{"line":38,"column":21},"end":{"line":47,"column":2}},"4":{"start":{"line":49,"column":27},"end":{"line":75,"column":1}},"5":{"start":{"line":50,"column":23},"end":{"line":50,"column":45}},"6":{"start":{"line":51,"column":2},"end":{"line":53,"column":3}},"7":{"start":{"line":52,"column":4},"end":{"line":52,"column":13}},"8":{"start":{"line":55,"column":19},"end":{"line":55,"column":31}},"9":{"start":{"line":56,"column":16},"end":{"line":56,"column":51}},"10":{"start":{"line":58,"column":2},"end":{"line":60,"column":3}},"11":{"start":{"line":59,"column":4},"end":{"line":59,"column":13}},"12":{"start":{"line":62,"column":17},"end":{"line":62,"column":25}},"13":{"start":{"line":64,"column":2},"end":{"line":66,"column":3}},"14":{"start":{"line":65,"column":4},"end":{"line":65,"column":13}},"15":{"start":{"line":68,"column":17},"end":{"line":68,"column":31}},"16":{"start":{"line":70,"column":2},"end":{"line":72,"column":3}},"17":{"start":{"line":71,"column":4},"end":{"line":71,"column":13}},"18":{"start":{"line":74,"column":2},"end":{"line":74,"column":16}},"19":{"start":{"line":77,"column":28},"end":{"line":78,"column":null}},"20":{"start":{"line":78,"column":21},"end":{"line":78,"column":75}},"21":{"start":{"line":81,"column":23},"end":{"line":99,"column":1}},"22":{"start":{"line":82,"column":2},"end":{"line":84,"column":3}},"23":{"start":{"line":83,"column":4},"end":{"line":83,"column":34}},"24":{"start":{"line":86,"column":2},"end":{"line":88,"column":3}},"25":{"start":{"line":87,"column":4},"end":{"line":87,"column":34}},"26":{"start":{"line":90,"column":24},"end":{"line":90,"column":66}},"27":{"start":{"line":92,"column":2},"end":{"line":94,"column":3}},"28":{"start":{"line":93,"column":4},"end":{"line":93,"column":34}},"29":{"start":{"line":96,"column":20},"end":{"line":96,"column":68}},"30":{"start":{"line":98,"column":2},"end":{"line":98,"column":40}},"31":{"start":{"line":101,"column":27},"end":{"line":111,"column":2}},"32":{"start":{"line":101,"column":54},"end":{"line":111,"column":2}},"33":{"start":{"line":113,"column":41},"end":{"line":410,"column":1}},"34":{"start":{"line":114,"column":28},"end":{"line":114,"column":76}},"35":{"start":{"line":115,"column":54},"end":{"line":115,"column":69}},"36":{"start":{"line":117,"column":2},"end":{"line":131,"column":9}},"37":{"start":{"line":118,"column":4},"end":{"line":130,"column":5}},"38":{"start":{"line":119,"column":25},"end":{"line":119,"column":63}},"39":{"start":{"line":120,"column":6},"end":{"line":129,"column":7}},"40":{"start":{"line":121,"column":8},"end":{"line":128,"column":9}},"41":{"start":{"line":122,"column":39},"end":{"line":122,"column":61}},"42":{"start":{"line":123,"column":33},"end":{"line":123,"column":62}},"43":{"start":{"line":125,"column":10},"end":{"line":125,"column":67}},"44":{"start":{"line":125,"column":29},"end":{"line":125,"column":65}},"45":{"start":{"line":127,"column":10},"end":{"line":127,"column":73}},"46":{"start":{"line":133,"column":2},"end":{"line":137,"column":20}},"47":{"start":{"line":134,"column":4},"end":{"line":136,"column":5}},"48":{"start":{"line":135,"column":6},"end":{"line":135,"column":74}},"49":{"start":{"line":139,"column":22},"end":{"line":146,"column":null}},"50":{"start":{"line":141,"column":21},"end":{"line":141,"column":44}},"51":{"start":{"line":142,"column":6},"end":{"line":142,"column":48}},"52":{"start":{"line":142,"column":28},"end":{"line":142,"column":48}},"53":{"start":{"line":143,"column":6},"end":{"line":143,"column":59}},"54":{"start":{"line":143,"column":34},"end":{"line":143,"column":59}},"55":{"start":{"line":144,"column":6},"end":{"line":144,"column":30}},"56":{"start":{"line":149,"column":2},"end":{"line":208,"column":41}},"57":{"start":{"line":150,"column":4},"end":{"line":152,"column":5}},"58":{"start":{"line":151,"column":6},"end":{"line":151,"column":23}},"59":{"start":{"line":154,"column":23},"end":{"line":205,"column":12}},"60":{"start":{"line":155,"column":6},"end":{"line":204,"column":9}},"61":{"start":{"line":156,"column":8},"end":{"line":158,"column":9}},"62":{"start":{"line":157,"column":10},"end":{"line":157,"column":31}},"63":{"start":{"line":160,"column":8},"end":{"line":198,"column":9}},"64":{"start":{"line":161,"column":39},"end":{"line":161,"column":46}},"65":{"start":{"line":162,"column":41},"end":{"line":162,"column":75}},"66":{"start":{"line":164,"column":10},"end":{"line":177,"column":11}},"67":{"start":{"line":165,"column":12},"end":{"line":165,"column":42}},"68":{"start":{"line":166,"column":12},"end":{"line":170,"column":13}},"69":{"start":{"line":167,"column":14},"end":{"line":167,"column":38}},"70":{"start":{"line":169,"column":14},"end":{"line":169,"column":39}},"71":{"start":{"line":171,"column":17},"end":{"line":177,"column":11}},"72":{"start":{"line":172,"column":12},"end":{"line":172,"column":31}},"73":{"start":{"line":173,"column":12},"end":{"line":173,"column":41}},"74":{"start":{"line":176,"column":12},"end":{"line":176,"column":31}},"75":{"start":{"line":179,"column":31},"end":{"line":179,"column":80}},"76":{"start":{"line":181,"column":34},"end":{"line":181,"column":64}},"77":{"start":{"line":182,"column":33},"end":{"line":184,"column":18}},"78":{"start":{"line":186,"column":10},"end":{"line":196,"column":null}},"79":{"start":{"line":200,"column":8},"end":{"line":202,"column":null}},"80":{"start":{"line":207,"column":4},"end":{"line":207,"column":50}},"81":{"start":{"line":207,"column":17},"end":{"line":207,"column":49}},"82":{"start":{"line":210,"column":26},"end":{"line":212,"column":8}},"83":{"start":{"line":211,"column":4},"end":{"line":211,"column":43}},"84":{"start":{"line":211,"column":36},"end":{"line":211,"column":41}},"85":{"start":{"line":214,"column":29},"end":{"line":227,"column":19}},"86":{"start":{"line":215,"column":4},"end":{"line":226,"column":7}},"87":{"start":{"line":217,"column":8},"end":{"line":217,"column":81}},"88":{"start":{"line":218,"column":27},"end":{"line":218,"column":67}},"89":{"start":{"line":220,"column":6},"end":{"line":224,"column":null}},"90":{"start":{"line":229,"column":22},"end":{"line":250,"column":8}},"91":{"start":{"line":230,"column":4},"end":{"line":249,"column":7}},"92":{"start":{"line":231,"column":6},"end":{"line":233,"column":7}},"93":{"start":{"line":232,"column":8},"end":{"line":232,"column":29}},"94":{"start":{"line":235,"column":33},"end":{"line":235,"column":63}},"95":{"start":{"line":237,"column":6},"end":{"line":242,"column":7}},"96":{"start":{"line":238,"column":8},"end":{"line":241,"column":10}},"97":{"start":{"line":244,"column":6},"end":{"line":247,"column":null}},"98":{"start":{"line":252,"column":22},"end":{"line":263,"column":8}},"99":{"start":{"line":253,"column":4},"end":{"line":262,"column":7}},"100":{"start":{"line":254,"column":6},"end":{"line":256,"column":7}},"101":{"start":{"line":255,"column":8},"end":{"line":255,"column":29}},"102":{"start":{"line":258,"column":6},"end":{"line":260,"column":null}},"103":{"start":{"line":265,"column":23},"end":{"line":276,"column":8}},"104":{"start":{"line":266,"column":4},"end":{"line":275,"column":7}},"105":{"start":{"line":267,"column":6},"end":{"line":269,"column":7}},"106":{"start":{"line":268,"column":8},"end":{"line":268,"column":29}},"107":{"start":{"line":271,"column":6},"end":{"line":273,"column":null}},"108":{"start":{"line":278,"column":22},"end":{"line":291,"column":19}},"109":{"start":{"line":279,"column":4},"end":{"line":290,"column":7}},"110":{"start":{"line":280,"column":23},"end":{"line":282,"column":null}},"111":{"start":{"line":285,"column":6},"end":{"line":288,"column":null}},"112":{"start":{"line":293,"column":21},"end":{"line":322,"column":19}},"113":{"start":{"line":294,"column":4},"end":{"line":321,"column":7}},"114":{"start":{"line":295,"column":35},"end":{"line":295,"column":42}},"115":{"start":{"line":296,"column":37},"end":{"line":296,"column":71}},"116":{"start":{"line":298,"column":6},"end":{"line":310,"column":7}},"117":{"start":{"line":299,"column":8},"end":{"line":299,"column":38}},"118":{"start":{"line":300,"column":8},"end":{"line":304,"column":9}},"119":{"start":{"line":301,"column":10},"end":{"line":301,"column":34}},"120":{"start":{"line":303,"column":10},"end":{"line":303,"column":35}},"121":{"start":{"line":306,"column":8},"end":{"line":306,"column":27}},"122":{"start":{"line":307,"column":8},"end":{"line":309,"column":9}},"123":{"start":{"line":308,"column":10},"end":{"line":308,"column":39}},"124":{"start":{"line":312,"column":27},"end":{"line":312,"column":76}},"125":{"start":{"line":314,"column":6},"end":{"line":319,"column":null}},"126":{"start":{"line":324,"column":18},"end":{"line":337,"column":8}},"127":{"start":{"line":325,"column":26},"end":{"line":331,"column":6}},"128":{"start":{"line":333,"column":4},"end":{"line":336,"column":8}},"129":{"start":{"line":333,"column":23},"end":{"line":335,"column":null}},"130":{"start":{"line":339,"column":31},"end":{"line":346,"column":8}},"131":{"start":{"line":340,"column":4},"end":{"line":345,"column":8}},"132":{"start":{"line":340,"column":23},"end":{"line":344,"column":null}},"133":{"start":{"line":343,"column":8},"end":{"line":343,"column":79}},"134":{"start":{"line":348,"column":21},"end":{"line":353,"column":8}},"135":{"start":{"line":349,"column":4},"end":{"line":352,"column":8}},"136":{"start":{"line":349,"column":23},"end":{"line":351,"column":null}},"137":{"start":{"line":351,"column":41},"end":{"line":351,"column":59}},"138":{"start":{"line":355,"column":27},"end":{"line":361,"column":8}},"139":{"start":{"line":356,"column":4},"end":{"line":360,"column":8}},"140":{"start":{"line":356,"column":23},"end":{"line":359,"column":null}},"141":{"start":{"line":363,"column":35},"end":{"line":375,"column":60}},"142":{"start":{"line":364,"column":4},"end":{"line":367,"column":5}},"143":{"start":{"line":365,"column":6},"end":{"line":365,"column":20}},"144":{"start":{"line":366,"column":6},"end":{"line":366,"column":13}},"145":{"start":{"line":369,"column":4},"end":{"line":372,"column":5}},"146":{"start":{"line":370,"column":6},"end":{"line":370,"column":21}},"147":{"start":{"line":371,"column":6},"end":{"line":371,"column":13}},"148":{"start":{"line":374,"column":4},"end":{"line":374,"column":18}},"149":{"start":{"line":377,"column":18},"end":{"line":377,"column":57}},"150":{"start":{"line":378,"column":18},"end":{"line":378,"column":45}},"151":{"start":{"line":380,"column":24},"end":{"line":382,"column":22}},"152":{"start":{"line":385,"column":4},"end":{"line":389,"column":17}},"153":{"start":{"line":391,"column":2},"end":{"line":409,"column":4}},"154":{"start":{"line":113,"column":13},"end":{"line":113,"column":41}},"155":{"start":{"line":421,"column":2},"end":{"line":421,"column":53}},"156":{"start":{"line":425,"column":2},"end":{"line":427,"column":3}},"157":{"start":{"line":426,"column":4},"end":{"line":426,"column":48}},"158":{"start":{"line":429,"column":13},"end":{"line":429,"column":21}},"159":{"start":{"line":430,"column":16},"end":{"line":430,"column":27}},"160":{"start":{"line":431,"column":19},"end":{"line":431,"column":33}},"161":{"start":{"line":432,"column":22},"end":{"line":432,"column":39}},"162":{"start":{"line":433,"column":20},"end":{"line":433,"column":35}},"163":{"start":{"line":436,"column":4},"end":{"line":443,"column":31}},"164":{"start":{"line":445,"column":2},"end":{"line":447,"column":3}},"165":{"start":{"line":446,"column":4},"end":{"line":446,"column":48}},"166":{"start":{"line":449,"column":2},"end":{"line":451,"column":3}},"167":{"start":{"line":450,"column":4},"end":{"line":450,"column":48}},"168":{"start":{"line":453,"column":24},"end":{"line":453,"column":43}},"169":{"start":{"line":454,"column":2},"end":{"line":456,"column":3}},"170":{"start":{"line":455,"column":4},"end":{"line":455,"column":48}},"171":{"start":{"line":458,"column":33},"end":{"line":464,"column":4}},"172":{"start":{"line":466,"column":2},"end":{"line":472,"column":4}},"173":{"start":{"line":476,"column":2},"end":{"line":478,"column":3}},"174":{"start":{"line":477,"column":4},"end":{"line":477,"column":58}},"175":{"start":{"line":480,"column":2},"end":{"line":480,"column":52}},"176":{"start":{"line":480,"column":29},"end":{"line":480,"column":50}}},"fnMap":{"0":{"name":"(anonymous_0)","decl":{"start":{"line":49,"column":27},"end":{"line":49,"column":28}},"loc":{"start":{"line":49,"column":53},"end":{"line":75,"column":1}}},"1":{"name":"(anonymous_1)","decl":{"start":{"line":78,"column":2},"end":{"line":78,"column":3}},"loc":{"start":{"line":78,"column":21},"end":{"line":78,"column":75}}},"2":{"name":"(anonymous_2)","decl":{"start":{"line":81,"column":23},"end":{"line":81,"column":24}},"loc":{"start":{"line":81,"column":56},"end":{"line":99,"column":1}}},"3":{"name":"(anonymous_3)","decl":{"start":{"line":101,"column":27},"end":{"line":101,"column":50}},"loc":{"start":{"line":101,"column":54},"end":{"line":111,"column":2}}},"4":{"name":"(anonymous_4)","decl":{"start":{"line":113,"column":41},"end":{"line":113,"column":44}},"loc":{"start":{"line":113,"column":46},"end":{"line":410,"column":1}}},"5":{"name":"(anonymous_5)","decl":{"start":{"line":117,"column":12},"end":{"line":117,"column":15}},"loc":{"start":{"line":117,"column":17},"end":{"line":131,"column":3}}},"6":{"name":"(anonymous_6)","decl":{"start":{"line":125,"column":19},"end":{"line":125,"column":20}},"loc":{"start":{"line":125,"column":29},"end":{"line":125,"column":65}}},"7":{"name":"(anonymous_7)","decl":{"start":{"line":133,"column":12},"end":{"line":133,"column":15}},"loc":{"start":{"line":133,"column":17},"end":{"line":137,"column":3}}},"8":{"name":"(anonymous_8)","decl":{"start":{"line":140,"column":4},"end":{"line":140,"column":5}},"loc":{"start":{"line":140,"column":63},"end":{"line":145,"column":5}}},"9":{"name":"(anonymous_9)","decl":{"start":{"line":149,"column":12},"end":{"line":149,"column":15}},"loc":{"start":{"line":149,"column":17},"end":{"line":208,"column":3}}},"10":{"name":"(anonymous_10)","decl":{"start":{"line":154,"column":42},"end":{"line":154,"column":45}},"loc":{"start":{"line":154,"column":47},"end":{"line":205,"column":5}}},"11":{"name":"(anonymous_11)","decl":{"start":{"line":155,"column":15},"end":{"line":155,"column":16}},"loc":{"start":{"line":155,"column":33},"end":{"line":204,"column":7}}},"12":{"name":"(anonymous_12)","decl":{"start":{"line":207,"column":11},"end":{"line":207,"column":14}},"loc":{"start":{"line":207,"column":17},"end":{"line":207,"column":49}}},"13":{"name":"(anonymous_13)","decl":{"start":{"line":210,"column":38},"end":{"line":210,"column":41}},"loc":{"start":{"line":210,"column":43},"end":{"line":212,"column":3}}},"14":{"name":"(anonymous_14)","decl":{"start":{"line":211,"column":26},"end":{"line":211,"column":27}},"loc":{"start":{"line":211,"column":36},"end":{"line":211,"column":41}}},"15":{"name":"(anonymous_15)","decl":{"start":{"line":214,"column":41},"end":{"line":214,"column":44}},"loc":{"start":{"line":214,"column":46},"end":{"line":227,"column":3}}},"16":{"name":"(anonymous_16)","decl":{"start":{"line":215,"column":13},"end":{"line":215,"column":14}},"loc":{"start":{"line":215,"column":22},"end":{"line":226,"column":5}}},"17":{"name":"(anonymous_17)","decl":{"start":{"line":229,"column":34},"end":{"line":229,"column":37}},"loc":{"start":{"line":229,"column":39},"end":{"line":250,"column":3}}},"18":{"name":"(anonymous_18)","decl":{"start":{"line":230,"column":13},"end":{"line":230,"column":14}},"loc":{"start":{"line":230,"column":31},"end":{"line":249,"column":5}}},"19":{"name":"(anonymous_19)","decl":{"start":{"line":252,"column":34},"end":{"line":252,"column":37}},"loc":{"start":{"line":252,"column":39},"end":{"line":263,"column":3}}},"20":{"name":"(anonymous_20)","decl":{"start":{"line":253,"column":13},"end":{"line":253,"column":14}},"loc":{"start":{"line":253,"column":31},"end":{"line":262,"column":5}}},"21":{"name":"(anonymous_21)","decl":{"start":{"line":265,"column":35},"end":{"line":265,"column":38}},"loc":{"start":{"line":265,"column":40},"end":{"line":276,"column":3}}},"22":{"name":"(anonymous_22)","decl":{"start":{"line":266,"column":13},"end":{"line":266,"column":14}},"loc":{"start":{"line":266,"column":31},"end":{"line":275,"column":5}}},"23":{"name":"(anonymous_23)","decl":{"start":{"line":278,"column":34},"end":{"line":278,"column":37}},"loc":{"start":{"line":278,"column":39},"end":{"line":291,"column":3}}},"24":{"name":"(anonymous_24)","decl":{"start":{"line":279,"column":13},"end":{"line":279,"column":14}},"loc":{"start":{"line":279,"column":31},"end":{"line":290,"column":5}}},"25":{"name":"(anonymous_25)","decl":{"start":{"line":293,"column":33},"end":{"line":293,"column":36}},"loc":{"start":{"line":293,"column":38},"end":{"line":322,"column":3}}},"26":{"name":"(anonymous_26)","decl":{"start":{"line":294,"column":13},"end":{"line":294,"column":14}},"loc":{"start":{"line":294,"column":31},"end":{"line":321,"column":5}}},"27":{"name":"(anonymous_27)","decl":{"start":{"line":324,"column":30},"end":{"line":324,"column":31}},"loc":{"start":{"line":324,"column":66},"end":{"line":337,"column":3}}},"28":{"name":"(anonymous_28)","decl":{"start":{"line":333,"column":13},"end":{"line":333,"column":14}},"loc":{"start":{"line":333,"column":23},"end":{"line":335,"column":null}}},"29":{"name":"(anonymous_29)","decl":{"start":{"line":339,"column":43},"end":{"line":339,"column":44}},"loc":{"start":{"line":339,"column":62},"end":{"line":346,"column":3}}},"30":{"name":"(anonymous_30)","decl":{"start":{"line":340,"column":13},"end":{"line":340,"column":14}},"loc":{"start":{"line":340,"column":23},"end":{"line":344,"column":null}}},"31":{"name":"(anonymous_31)","decl":{"start":{"line":342,"column":28},"end":{"line":342,"column":29}},"loc":{"start":{"line":343,"column":8},"end":{"line":343,"column":79}}},"32":{"name":"(anonymous_32)","decl":{"start":{"line":348,"column":33},"end":{"line":348,"column":34}},"loc":{"start":{"line":348,"column":52},"end":{"line":353,"column":3}}},"33":{"name":"(anonymous_33)","decl":{"start":{"line":349,"column":13},"end":{"line":349,"column":14}},"loc":{"start":{"line":349,"column":23},"end":{"line":351,"column":null}}},"34":{"name":"(anonymous_34)","decl":{"start":{"line":351,"column":31},"end":{"line":351,"column":32}},"loc":{"start":{"line":351,"column":41},"end":{"line":351,"column":59}}},"35":{"name":"(anonymous_35)","decl":{"start":{"line":355,"column":39},"end":{"line":355,"column":42}},"loc":{"start":{"line":355,"column":44},"end":{"line":361,"column":3}}},"36":{"name":"(anonymous_36)","decl":{"start":{"line":356,"column":13},"end":{"line":356,"column":14}},"loc":{"start":{"line":356,"column":23},"end":{"line":359,"column":null}}},"37":{"name":"(anonymous_37)","decl":{"start":{"line":363,"column":47},"end":{"line":363,"column":50}},"loc":{"start":{"line":363,"column":52},"end":{"line":375,"column":3}}},"38":{"name":"isRecord","decl":{"start":{"line":420,"column":9},"end":{"line":420,"column":17}},"loc":{"start":{"line":420,"column":32},"end":{"line":422,"column":1}}},"39":{"name":"parseStoredTask","decl":{"start":{"line":424,"column":9},"end":{"line":424,"column":24}},"loc":{"start":{"line":424,"column":39},"end":{"line":473,"column":1}}},"40":{"name":"parseStoredTasks","decl":{"start":{"line":475,"column":9},"end":{"line":475,"column":25}},"loc":{"start":{"line":475,"column":40},"end":{"line":481,"column":1}}},"41":{"name":"(anonymous_41)","decl":{"start":{"line":480,"column":19},"end":{"line":480,"column":20}},"loc":{"start":{"line":480,"column":29},"end":{"line":480,"column":50}}}},"branchMap":{"0":{"loc":{"start":{"line":36,"column":2},"end":{"line":36,"column":67}},"type":"cond-expr","locations":[{"start":{"line":36,"column":42},"end":{"line":36,"column":62}},{"start":{"line":36,"column":65},"end":{"line":36,"column":67}}]},"1":{"loc":{"start":{"line":51,"column":2},"end":{"line":53,"column":3}},"type":"if","locations":[{"start":{"line":51,"column":2},"end":{"line":53,"column":3}},{"start":{},"end":{}}]},"2":{"loc":{"start":{"line":58,"column":2},"end":{"line":60,"column":3}},"type":"if","locations":[{"start":{"line":58,"column":2},"end":{"line":60,"column":3}},{"start":{},"end":{}}]},"3":{"loc":{"start":{"line":64,"column":2},"end":{"line":66,"column":3}},"type":"if","locations":[{"start":{"line":64,"column":2},"end":{"line":66,"column":3}},{"start":{},"end":{}}]},"4":{"loc":{"start":{"line":70,"column":2},"end":{"line":72,"column":3}},"type":"if","locations":[{"start":{"line":70,"column":2},"end":{"line":72,"column":3}},{"start":{},"end":{}}]},"5":{"loc":{"start":{"line":82,"column":2},"end":{"line":84,"column":3}},"type":"if","locations":[{"start":{"line":82,"column":2},"end":{"line":84,"column":3}},{"start":{},"end":{}}]},"6":{"loc":{"start":{"line":86,"column":2},"end":{"line":88,"column":3}},"type":"if","locations":[{"start":{"line":86,"column":2},"end":{"line":88,"column":3}},{"start":{},"end":{}}]},"7":{"loc":{"start":{"line":92,"column":2},"end":{"line":94,"column":3}},"type":"if","locations":[{"start":{"line":92,"column":2},"end":{"line":94,"column":3}},{"start":{},"end":{}}]},"8":{"loc":{"start":{"line":118,"column":4},"end":{"line":130,"column":5}},"type":"if","locations":[{"start":{"line":118,"column":4},"end":{"line":130,"column":5}},{"start":{},"end":{}}]},"9":{"loc":{"start":{"line":120,"column":6},"end":{"line":129,"column":7}},"type":"if","locations":[{"start":{"line":120,"column":6},"end":{"line":129,"column":7}},{"start":{},"end":{}}]},"10":{"loc":{"start":{"line":134,"column":4},"end":{"line":136,"column":5}},"type":"if","locations":[{"start":{"line":134,"column":4},"end":{"line":136,"column":5}},{"start":{},"end":{}}]},"11":{"loc":{"start":{"line":142,"column":6},"end":{"line":142,"column":48}},"type":"if","locations":[{"start":{"line":142,"column":6},"end":{"line":142,"column":48}},{"start":{},"end":{}}]},"12":{"loc":{"start":{"line":143,"column":6},"end":{"line":143,"column":59}},"type":"if","locations":[{"start":{"line":143,"column":6},"end":{"line":143,"column":59}},{"start":{},"end":{}}]},"13":{"loc":{"start":{"line":150,"column":4},"end":{"line":152,"column":5}},"type":"if","locations":[{"start":{"line":150,"column":4},"end":{"line":152,"column":5}},{"start":{},"end":{}}]},"14":{"loc":{"start":{"line":156,"column":8},"end":{"line":158,"column":9}},"type":"if","locations":[{"start":{"line":156,"column":8},"end":{"line":158,"column":9}},{"start":{},"end":{}}]},"15":{"loc":{"start":{"line":160,"column":8},"end":{"line":198,"column":9}},"type":"if","locations":[{"start":{"line":160,"column":8},"end":{"line":198,"column":9}},{"start":{},"end":{}}]},"16":{"loc":{"start":{"line":164,"column":10},"end":{"line":177,"column":11}},"type":"if","locations":[{"start":{"line":164,"column":10},"end":{"line":177,"column":11}},{"start":{"line":171,"column":17},"end":{"line":177,"column":11}}]},"17":{"loc":{"start":{"line":166,"column":12},"end":{"line":170,"column":13}},"type":"if","locations":[{"start":{"line":166,"column":12},"end":{"line":170,"column":13}},{"start":{"line":168,"column":19},"end":{"line":170,"column":13}}]},"18":{"loc":{"start":{"line":171,"column":17},"end":{"line":177,"column":11}},"type":"if","locations":[{"start":{"line":171,"column":17},"end":{"line":177,"column":11}},{"start":{"line":174,"column":17},"end":{"line":177,"column":11}}]},"19":{"loc":{"start":{"line":182,"column":33},"end":{"line":184,"column":18}},"type":"cond-expr","locations":[{"start":{"line":183,"column":14},"end":{"line":183,"column":58}},{"start":{"line":184,"column":14},"end":{"line":184,"column":18}}]},"20":{"loc":{"start":{"line":189,"column":20},"end":{"line":189,"column":59}},"type":"cond-expr","locations":[{"start":{"line":189,"column":41},"end":{"line":189,"column":50}},{"start":{"line":189,"column":53},"end":{"line":189,"column":59}}]},"21":{"loc":{"start":{"line":194,"column":28},"end":{"line":196,"column":44}},"type":"cond-expr","locations":[{"start":{"line":195,"column":16},"end":{"line":195,"column":30}},{"start":{"line":196,"column":16},"end":{"line":196,"column":44}}]},"22":{"loc":{"start":{"line":217,"column":8},"end":{"line":217,"column":81}},"type":"cond-expr","locations":[{"start":{"line":217,"column":48},"end":{"line":217,"column":63}},{"start":{"line":217,"column":66},"end":{"line":217,"column":81}}]},"23":{"loc":{"start":{"line":224,"column":26},"end":{"line":224,"column":87}},"type":"cond-expr","locations":[{"start":{"line":224,"column":51},"end":{"line":224,"column":63}},{"start":{"line":224,"column":66},"end":{"line":224,"column":87}}]},"24":{"loc":{"start":{"line":231,"column":6},"end":{"line":233,"column":7}},"type":"if","locations":[{"start":{"line":231,"column":6},"end":{"line":233,"column":7}},{"start":{},"end":{}}]},"25":{"loc":{"start":{"line":237,"column":6},"end":{"line":242,"column":7}},"type":"if","locations":[{"start":{"line":237,"column":6},"end":{"line":242,"column":7}},{"start":{},"end":{}}]},"26":{"loc":{"start":{"line":254,"column":6},"end":{"line":256,"column":7}},"type":"if","locations":[{"start":{"line":254,"column":6},"end":{"line":256,"column":7}},{"start":{},"end":{}}]},"27":{"loc":{"start":{"line":267,"column":6},"end":{"line":269,"column":7}},"type":"if","locations":[{"start":{"line":267,"column":6},"end":{"line":269,"column":7}},{"start":{},"end":{}}]},"28":{"loc":{"start":{"line":298,"column":6},"end":{"line":310,"column":7}},"type":"if","locations":[{"start":{"line":298,"column":6},"end":{"line":310,"column":7}},{"start":{"line":305,"column":13},"end":{"line":310,"column":7}}]},"29":{"loc":{"start":{"line":300,"column":8},"end":{"line":304,"column":9}},"type":"if","locations":[{"start":{"line":300,"column":8},"end":{"line":304,"column":9}},{"start":{"line":302,"column":15},"end":{"line":304,"column":9}}]},"30":{"loc":{"start":{"line":307,"column":8},"end":{"line":309,"column":9}},"type":"if","locations":[{"start":{"line":307,"column":8},"end":{"line":309,"column":9}},{"start":{},"end":{}}]},"31":{"loc":{"start":{"line":343,"column":8},"end":{"line":343,"column":79}},"type":"cond-expr","locations":[{"start":{"line":343,"column":28},"end":{"line":343,"column":73}},{"start":{"line":343,"column":75},"end":{"line":343,"column":79}}]},"32":{"loc":{"start":{"line":364,"column":4},"end":{"line":367,"column":5}},"type":"if","locations":[{"start":{"line":364,"column":4},"end":{"line":367,"column":5}},{"start":{},"end":{}}]},"33":{"loc":{"start":{"line":369,"column":4},"end":{"line":372,"column":5}},"type":"if","locations":[{"start":{"line":369,"column":4},"end":{"line":372,"column":5}},{"start":{},"end":{}}]},"34":{"loc":{"start":{"line":385,"column":4},"end":{"line":389,"column":17}},"type":"cond-expr","locations":[{"start":{"line":386,"column":8},"end":{"line":386,"column":15}},{"start":{"line":387,"column":8},"end":{"line":389,"column":17}}]},"35":{"loc":{"start":{"line":387,"column":8},"end":{"line":389,"column":17}},"type":"cond-expr","locations":[{"start":{"line":388,"column":10},"end":{"line":388,"column":18}},{"start":{"line":389,"column":10},"end":{"line":389,"column":17}}]},"36":{"loc":{"start":{"line":421,"column":9},"end":{"line":421,"column":52}},"type":"binary-expr","locations":[{"start":{"line":421,"column":9},"end":{"line":421,"column":34}},{"start":{"line":421,"column":38},"end":{"line":421,"column":52}}]},"37":{"loc":{"start":{"line":425,"column":2},"end":{"line":427,"column":3}},"type":"if","locations":[{"start":{"line":425,"column":2},"end":{"line":427,"column":3}},{"start":{},"end":{}}]},"38":{"loc":{"start":{"line":436,"column":4},"end":{"line":443,"column":31}},"type":"binary-expr","locations":[{"start":{"line":436,"column":4},"end":{"line":436,"column":26}},{"start":{"line":437,"column":4},"end":{"line":437,"column":24}},{"start":{"line":438,"column":4},"end":{"line":438,"column":29}},{"start":{"line":439,"column":4},"end":{"line":439,"column":27}},{"start":{"line":440,"column":4},"end":{"line":440,"column":32}},{"start":{"line":441,"column":4},"end":{"line":441,"column":30}},{"start":{"line":442,"column":4},"end":{"line":442,"column":33}},{"start":{"line":443,"column":4},"end":{"line":443,"column":31}}]},"39":{"loc":{"start":{"line":445,"column":2},"end":{"line":447,"column":3}},"type":"if","locations":[{"start":{"line":445,"column":2},"end":{"line":447,"column":3}},{"start":{},"end":{}}]},"40":{"loc":{"start":{"line":449,"column":2},"end":{"line":451,"column":3}},"type":"if","locations":[{"start":{"line":449,"column":2},"end":{"line":451,"column":3}},{"start":{},"end":{}}]},"41":{"loc":{"start":{"line":454,"column":2},"end":{"line":456,"column":3}},"type":"if","locations":[{"start":{"line":454,"column":2},"end":{"line":456,"column":3}},{"start":{},"end":{}}]},"42":{"loc":{"start":{"line":476,"column":2},"end":{"line":478,"column":3}},"type":"if","locations":[{"start":{"line":476,"column":2},"end":{"line":478,"column":3}},{"start":{},"end":{}}]}},"s":{"0":0,"1":0,"2":0,"3":0,"4":0,"5":0,"6":0,"7":0,"8":0,"9":0,"10":0,"11":0,"12":0,"13":0,"14":0,"15":0,"16":0,"17":0,"18":0,"19":0,"20":0,"21":0,"22":0,"23":0,"24":0,"25":0,"26":0,"27":0,"28":0,"29":0,"30":0,"31":0,"32":0,"33":0,"34":0,"35":0,"36":0,"37":0,"38":0,"39":0,"40":0,"41":0,"42":0,"43":0,"44":0,"45":0,"46":0,"47":0,"48":0,"49":0,"50":0,"51":0,"52":0,"53":0,"54":0,"55":0,"56":0,"57":0,"58":0,"59":0,"60":0,"61":0,"62":0,"63":0,"64":0,"65":0,"66":0,"67":0,"68":0,"69":0,"70":0,"71":0,"72":0,"73":0,"74":0,"75":0,"76":0,"77":0,"78":0,"79":0,"80":0,"81":0,"82":0,"83":0,"84":0,"85":0,"86":0,"87":0,"88":0,"89":0,"90":0,"91":0,"92":0,"93":0,"94":0,"95":0,"96":0,"97":0,"98":0,"99":0,"100":0,"101":0,"102":0,"103":0,"104":0,"105":0,"106":0,"107":0,"108":0,"109":0,"110":0,"111":0,"112":0,"113":0,"114":0,"115":0,"116":0,"117":0,"118":0,"119":0,"120":0,"121":0,"122":0,"123":0,"124":0,"125":0,"126":0,"127":0,"128":0,"129":0,"130":0,"131":0,"132":0,"133":0,"134":0,"135":0,"136":0,"137":0,"138":0,"139":0,"140":0,"141":0,"142":0,"143":0,"144":0,"145":0,"146":0,"147":0,"148":0,"149":0,"150":0,"151":0,"152":0,"153":0,"154":0,"155":0,"156":0,"157":0,"158":0,"159":0,"160":0,"161":0,"162":0,"163":0,"164":0,"165":0,"166":0,"167":0,"168":0,"169":0,"170":0,"171":0,"172":0,"173":0,"174":0,"175":0,"176":0},"f":{"0":0,"1":0,"2":0,"3":0,"4":0,"5":0,"6":0,"7":0,"8":0,"9":0,"10":0,"11":0,"12":0,"13":0,"14":0,"15":0,"16":0,"17":0,"18":0,"19":0,"20":0,"21":0,"22":0,"23":0,"24":0,"25":0,"26":0,"27":0,"28":0,"29":0,"30":0,"31":0,"32":0,"33":0,"34":0,"35":0,"36":0,"37":0,"38":0,"39":0,"40":0,"41":0},"b":{"0":[0,0],"1":[0,0],"2":[0,0],"3":[0,0],"4":[0,0],"5":[0,0],"6":[0,0],"7":[0,0],"8":[0,0],"9":[0,0],"10":[0,0],"11":[0,0],"12":[0,0],"13":[0,0],"14":[0,0],"15":[0,0],"16":[0,0],"17":[0,0],"18":[0,0],"19":[0,0],"20":[0,0],"21":[0,0],"22":[0,0],"23":[0,0],"24":[0,0],"25":[0,0],"26":[0,0],"27":[0,0],"28":[0,0],"29":[0,0],"30":[0,0],"31":[0,0],"32":[0,0],"33":[0,0],"34":[0,0],"35":[0,0],"36":[0,0],"37":[0,0],"38":[0,0,0,0,0,0,0,0],"39":[0,0],"40":[0,0],"41":[0,0],"42":[0,0]}}
,"/home/ti-3/Área de trabalho/projetos/pomodoro-codeform/src/modules/pomodoro/presentation/views/pomodoro-home.view.tsx": {"path":"/home/ti-3/Área de trabalho/projetos/pomodoro-codeform/src/modules/pomodoro/presentation/views/pomodoro-home.view.tsx","statementMap":{"0":{"start":{"line":3,"column":0},"end":{"line":3,"column":31}},"1":{"start":{"line":4,"column":0},"end":{"line":4,"column":113}},"2":{"start":{"line":5,"column":0},"end":{"line":5,"column":68}},"3":{"start":{"line":6,"column":0},"end":{"line":6,"column":64}},"4":{"start":{"line":8,"column":32},"end":{"line":216,"column":1}},"5":{"start":{"line":27,"column":6},"end":{"line":27,"column":33}},"6":{"start":{"line":29,"column":2},"end":{"line":215,"column":4}},"7":{"start":{"line":8,"column":13},"end":{"line":8,"column":32}}},"fnMap":{"0":{"name":"(anonymous_1)","decl":{"start":{"line":8,"column":32},"end":{"line":8,"column":35}},"loc":{"start":{"line":8,"column":37},"end":{"line":216,"column":1}}}},"branchMap":{"0":{"loc":{"start":{"line":33,"column":10},"end":{"line":37,"column":null}},"type":"cond-expr","locations":[{"start":{"line":34,"column":14},"end":{"line":34,"column":31}},{"start":{"line":35,"column":14},"end":{"line":37,"column":null}}]},"1":{"loc":{"start":{"line":35,"column":14},"end":{"line":37,"column":null}},"type":"cond-expr","locations":[{"start":{"line":36,"column":16},"end":{"line":36,"column":32}},{"start":{"line":37,"column":16},"end":{"line":37,"column":null}}]},"2":{"loc":{"start":{"line":55,"column":18},"end":{"line":57,"column":42}},"type":"cond-expr","locations":[{"start":{"line":56,"column":22},"end":{"line":56,"column":60}},{"start":{"line":57,"column":22},"end":{"line":57,"column":42}}]},"3":{"loc":{"start":{"line":78,"column":20},"end":{"line":84,"column":null}},"type":"cond-expr","locations":[{"start":{"line":79,"column":24},"end":{"line":79,"column":40}},{"start":{"line":80,"column":24},"end":{"line":84,"column":null}}]},"4":{"loc":{"start":{"line":80,"column":24},"end":{"line":84,"column":null}},"type":"cond-expr","locations":[{"start":{"line":81,"column":26},"end":{"line":81,"column":42}},{"start":{"line":82,"column":26},"end":{"line":84,"column":null}}]},"5":{"loc":{"start":{"line":82,"column":26},"end":{"line":84,"column":null}},"type":"cond-expr","locations":[{"start":{"line":83,"column":28},"end":{"line":83,"column":44}},{"start":{"line":84,"column":28},"end":{"line":84,"column":null}}]},"6":{"loc":{"start":{"line":91,"column":20},"end":{"line":97,"column":null}},"type":"cond-expr","locations":[{"start":{"line":92,"column":24},"end":{"line":92,"column":43}},{"start":{"line":93,"column":24},"end":{"line":97,"column":null}}]},"7":{"loc":{"start":{"line":93,"column":24},"end":{"line":97,"column":null}},"type":"cond-expr","locations":[{"start":{"line":94,"column":26},"end":{"line":94,"column":45}},{"start":{"line":95,"column":26},"end":{"line":97,"column":null}}]},"8":{"loc":{"start":{"line":95,"column":26},"end":{"line":97,"column":null}},"type":"cond-expr","locations":[{"start":{"line":96,"column":28},"end":{"line":96,"column":47}},{"start":{"line":97,"column":28},"end":{"line":97,"column":null}}]},"9":{"loc":{"start":{"line":100,"column":19},"end":{"line":106,"column":28}},"type":"cond-expr","locations":[{"start":{"line":101,"column":22},"end":{"line":101,"column":29}},{"start":{"line":102,"column":22},"end":{"line":106,"column":28}}]},"10":{"loc":{"start":{"line":102,"column":22},"end":{"line":106,"column":28}},"type":"cond-expr","locations":[{"start":{"line":103,"column":24},"end":{"line":103,"column":37}},{"start":{"line":104,"column":24},"end":{"line":106,"column":28}}]},"11":{"loc":{"start":{"line":104,"column":24},"end":{"line":106,"column":28}},"type":"cond-expr","locations":[{"start":{"line":105,"column":26},"end":{"line":105,"column":38}},{"start":{"line":106,"column":26},"end":{"line":106,"column":28}}]},"12":{"loc":{"start":{"line":115,"column":20},"end":{"line":119,"column":46}},"type":"cond-expr","locations":[{"start":{"line":116,"column":24},"end":{"line":116,"column":44}},{"start":{"line":117,"column":24},"end":{"line":119,"column":46}}]},"13":{"loc":{"start":{"line":117,"column":24},"end":{"line":119,"column":46}},"type":"cond-expr","locations":[{"start":{"line":118,"column":26},"end":{"line":118,"column":45}},{"start":{"line":119,"column":26},"end":{"line":119,"column":46}}]},"14":{"loc":{"start":{"line":152,"column":20},"end":{"line":152,"column":null}},"type":"cond-expr","locations":[{"start":{"line":152,"column":41},"end":{"line":152,"column":55}},{"start":{"line":152,"column":58},"end":{"line":152,"column":null}}]},"15":{"loc":{"start":{"line":158,"column":22},"end":{"line":158,"column":null}},"type":"cond-expr","locations":[{"start":{"line":158,"column":43},"end":{"line":158,"column":58}},{"start":{"line":158,"column":61},"end":{"line":158,"column":null}}]},"16":{"loc":{"start":{"line":174,"column":20},"end":{"line":176,"column":null}},"type":"cond-expr","locations":[{"start":{"line":175,"column":24},"end":{"line":175,"column":38}},{"start":{"line":176,"column":24},"end":{"line":176,"column":null}}]},"17":{"loc":{"start":{"line":182,"column":22},"end":{"line":184,"column":null}},"type":"cond-expr","locations":[{"start":{"line":183,"column":26},"end":{"line":183,"column":41}},{"start":{"line":184,"column":26},"end":{"line":184,"column":null}}]},"18":{"loc":{"start":{"line":189,"column":19},"end":{"line":191,"column":46}},"type":"cond-expr","locations":[{"start":{"line":190,"column":22},"end":{"line":190,"column":46}},{"start":{"line":191,"column":22},"end":{"line":191,"column":46}}]},"19":{"loc":{"start":{"line":201,"column":7},"end":{"line":212,"column":null}},"type":"binary-expr","locations":[{"start":{"line":201,"column":7},"end":{"line":201,"column":26}},{"start":{"line":201,"column":30},"end":{"line":201,"column":47}},{"start":{"line":202,"column":8},"end":{"line":211,"column":null}}]}},"s":{"0":0,"1":0,"2":0,"3":0,"4":0,"5":0,"6":0,"7":0},"f":{"0":0},"b":{"0":[0,0],"1":[0,0],"2":[0,0],"3":[0,0],"4":[0,0],"5":[0,0],"6":[0,0],"7":[0,0],"8":[0,0],"9":[0,0],"10":[0,0],"11":[0,0],"12":[0,0],"13":[0,0],"14":[0,0],"15":[0,0],"16":[0,0],"17":[0,0],"18":[0,0],"19":[0,0,0]}}
}
