TN:
SF:src/app/layout.tsx
FN:22,RootLayout
FNF:1
FNH:0
FNDA:0,RootLayout
DA:2,0
DA:3,0
DA:4,0
DA:5,0
DA:7,0
DA:12,0
DA:17,0
DA:22,0
DA:28,0
DA:32,0
LF:10
LH:0
BRDA:28,0,0,0
BRDA:28,0,1,0
BRF:2
BRH:0
end_of_record
TN:
SF:src/app/page.tsx
FN:3,Home
FNF:1
FNH:0
FNDA:0,Home
DA:1,0
DA:3,0
DA:4,0
LF:3
LH:0
BRF:0
BRH:0
end_of_record
TN:
SF:src/core/api/health.ts
FN:13,isRecord
FN:17,parseHealthResponse
FN:39,toHealthClock
FN:53,fetchHealth
FNF:4
FNH:4
FNDA:8,isRecord
FNDA:8,parseHealthResponse
FNDA:3,toHealthClock
FNDA:3,fetchHealth
DA:1,2
DA:14,8
DA:17,2
DA:18,8
DA:19,3
DA:22,5
DA:23,5
DA:25,5
DA:26,1
DA:29,4
DA:30,2
DA:33,2
DA:39,2
DA:40,3
DA:41,3
DA:43,3
DA:44,1
DA:47,2
DA:53,2
DA:54,3
DA:55,3
DA:56,0
LF:22
LH:21
BRDA:14,0,0,8
BRDA:14,0,1,6
BRDA:18,1,0,3
BRDA:18,1,1,5
BRDA:25,2,0,1
BRDA:25,2,1,4
BRDA:29,3,0,2
BRDA:29,3,1,2
BRDA:29,4,0,4
BRDA:29,4,1,3
BRDA:43,5,0,1
BRDA:43,5,1,2
BRF:12
BRH:12
end_of_record
TN:
SF:src/core/api/http/http-client.ts
FN:5,createCorrelationId
FN:9,assertAbsolutePath
FN:15,createHttpClient
FN:19,(anonymous_3)
FNF:4
FNH:4
FNDA:3,createCorrelationId
FNDA:3,assertAbsolutePath
FNDA:3,createHttpClient
FNDA:3,(anonymous_3)
DA:6,3
DA:10,3
DA:11,0
DA:15,2
DA:16,3
DA:18,3
DA:20,3
DA:22,3
DA:23,3
DA:31,0
DA:32,0
DA:35,0
LF:12
LH:8
BRDA:10,0,0,0
BRDA:10,0,1,3
BRDA:31,1,0,0
BRDA:31,1,1,0
BRF:4
BRH:1
end_of_record
TN:
SF:src/core/config/env.ts
FN:9,getRequiredString
FN:22,parseRequiredBoolean
FN:38,assertValidHttpUrl
FN:49,readClientEnv
FN:68,getRequiredServerEnvValue
FN:78,readServerEnv
FN:94,getAppEnv
FNF:7
FNH:0
FNDA:0,getRequiredString
FNDA:0,parseRequiredBoolean
FNDA:0,assertValidHttpUrl
FNDA:0,readClientEnv
FNDA:0,getRequiredServerEnvValue
FNDA:0,readServerEnv
FNDA:0,getAppEnv
DA:13,0
DA:15,0
DA:16,0
DA:19,0
DA:26,0
DA:28,0
DA:30,0
DA:31,0
DA:32,0
DA:35,0
DA:39,0
DA:40,0
DA:41,0
DA:42,0
DA:45,0
DA:50,0
DA:52,0
DA:53,0
DA:58,0
DA:59,0
DA:61,0
DA:69,0
DA:71,0
DA:72,0
DA:75,0
DA:79,0
DA:80,0
DA:82,0
DA:83,0
DA:84,0
DA:87,0
DA:94,0
DA:95,0
DA:96,0
DA:99,0
LF:35
LH:0
BRDA:15,0,0,0
BRDA:15,0,1,0
BRDA:15,1,0,0
BRDA:15,1,1,0
BRDA:28,2,0,0
BRDA:28,2,1,0
BRDA:30,3,0,0
BRDA:30,3,1,0
BRDA:31,4,0,0
BRDA:31,4,1,0
BRDA:32,5,0,0
BRDA:32,5,1,0
BRDA:41,6,0,0
BRDA:41,6,1,0
BRDA:41,7,0,0
BRDA:41,7,1,0
BRDA:52,8,0,0
BRDA:52,8,1,0
BRDA:71,9,0,0
BRDA:71,9,1,0
BRDA:71,10,0,0
BRDA:71,10,1,0
BRDA:83,11,0,0
BRDA:83,11,1,0
BRDA:83,12,0,0
BRDA:83,12,1,0
BRDA:95,13,0,0
BRDA:95,13,1,0
BRF:28
BRH:0
end_of_record
TN:
SF:src/core/config/runtime-env-validator.tsx
FN:5,RuntimeEnvValidator
FNF:1
FNH:0
FNDA:0,RuntimeEnvValidator
DA:3,0
DA:5,0
DA:7,0
DA:9,0
LF:4
LH:0
BRF:0
BRH:0
end_of_record
TN:
SF:src/modules/pomodoro/presentation/components/api-health-panel.tsx
FN:13,ApiHealthPanel
FN:18,(anonymous_1)
FN:30,(anonymous_2)
FN:77,(anonymous_3)
FNF:4
FNH:0
FNDA:0,ApiHealthPanel
FNDA:0,(anonymous_1)
FNDA:0,(anonymous_2)
FNDA:0,(anonymous_3)
DA:3,0
DA:4,0
DA:5,0
DA:13,0
DA:14,0
DA:16,0
DA:18,0
DA:19,0
DA:20,0
DA:21,0
DA:22,0
DA:25,0
DA:26,0
DA:30,0
DA:31,0
DA:32,0
DA:35,0
DA:38,0
DA:39,0
DA:42,0
DA:78,0
DA:79,0
LF:22
LH:0
BRDA:25,0,0,0
BRDA:25,0,1,0
BRDA:31,1,0,0
BRDA:31,1,1,0
BRDA:38,2,0,0
BRDA:38,2,1,0
BRDA:70,3,0,0
BRDA:70,3,1,0
BRDA:73,4,0,0
BRDA:73,4,1,0
BRDA:76,5,0,0
BRDA:76,5,1,0
BRDA:91,6,0,0
BRDA:91,6,1,0
BRF:14
BRH:0
end_of_record
TN:
SF:src/modules/pomodoro/presentation/components/pomodoro-todo-list.tsx
FN:11,(anonymous_0)
FN:20,(anonymous_1)
FN:45,(anonymous_2)
FN:52,(anonymous_3)
FN:66,(anonymous_4)
FN:74,(anonymous_5)
FN:95,(anonymous_6)
FNF:7
FNH:0
FNDA:0,(anonymous_0)
FNDA:0,(anonymous_1)
FNDA:0,(anonymous_2)
FNDA:0,(anonymous_3)
FNDA:0,(anonymous_4)
FNDA:0,(anonymous_5)
FNDA:0,(anonymous_6)
DA:1,0
DA:11,0
DA:17,0
DA:18,0
DA:20,0
DA:21,0
DA:22,0
DA:23,0
DA:25,0
DA:26,0
DA:27,0
DA:28,0
DA:32,0
DA:45,0
DA:52,0
DA:67,0
DA:74,0
DA:95,0
LF:18
LH:0
BRDA:25,0,0,0
BRDA:25,0,1,0
BRDA:25,1,0,0
BRDA:25,1,1,0
BRDA:58,2,0,0
BRDA:58,2,1,0
BRDA:80,3,0,0
BRDA:80,3,1,0
BRDA:103,4,0,0
BRDA:103,4,1,0
BRF:10
BRH:0
end_of_record
TN:
SF:src/modules/pomodoro/presentation/viewmodels/pomodoro-timer.view-model.ts
FN:49,(anonymous_0)
FN:78,(anonymous_1)
FN:81,(anonymous_2)
FN:101,(anonymous_3)
FN:113,(anonymous_4)
FN:117,(anonymous_5)
FN:125,(anonymous_6)
FN:133,(anonymous_7)
FN:140,(anonymous_8)
FN:149,(anonymous_9)
FN:154,(anonymous_10)
FN:155,(anonymous_11)
FN:207,(anonymous_12)
FN:210,(anonymous_13)
FN:211,(anonymous_14)
FN:214,(anonymous_15)
FN:215,(anonymous_16)
FN:229,(anonymous_17)
FN:230,(anonymous_18)
FN:252,(anonymous_19)
FN:253,(anonymous_20)
FN:265,(anonymous_21)
FN:266,(anonymous_22)
FN:278,(anonymous_23)
FN:279,(anonymous_24)
FN:293,(anonymous_25)
FN:294,(anonymous_26)
FN:324,(anonymous_27)
FN:333,(anonymous_28)
FN:339,(anonymous_29)
FN:340,(anonymous_30)
FN:342,(anonymous_31)
FN:348,(anonymous_32)
FN:349,(anonymous_33)
FN:351,(anonymous_34)
FN:355,(anonymous_35)
FN:356,(anonymous_36)
FN:363,(anonymous_37)
FN:420,isRecord
FN:424,parseStoredTask
FN:475,parseStoredTasks
FN:480,(anonymous_41)
FNF:42
FNH:0
FNDA:0,(anonymous_0)
FNDA:0,(anonymous_1)
FNDA:0,(anonymous_2)
FNDA:0,(anonymous_3)
FNDA:0,(anonymous_4)
FNDA:0,(anonymous_5)
FNDA:0,(anonymous_6)
FNDA:0,(anonymous_7)
FNDA:0,(anonymous_8)
FNDA:0,(anonymous_9)
FNDA:0,(anonymous_10)
FNDA:0,(anonymous_11)
FNDA:0,(anonymous_12)
FNDA:0,(anonymous_13)
FNDA:0,(anonymous_14)
FNDA:0,(anonymous_15)
FNDA:0,(anonymous_16)
FNDA:0,(anonymous_17)
FNDA:0,(anonymous_18)
FNDA:0,(anonymous_19)
FNDA:0,(anonymous_20)
FNDA:0,(anonymous_21)
FNDA:0,(anonymous_22)
FNDA:0,(anonymous_23)
FNDA:0,(anonymous_24)
FNDA:0,(anonymous_25)
FNDA:0,(anonymous_26)
FNDA:0,(anonymous_27)
FNDA:0,(anonymous_28)
FNDA:0,(anonymous_29)
FNDA:0,(anonymous_30)
FNDA:0,(anonymous_31)
FNDA:0,(anonymous_32)
FNDA:0,(anonymous_33)
FNDA:0,(anonymous_34)
FNDA:0,(anonymous_35)
FNDA:0,(anonymous_36)
FNDA:0,(anonymous_37)
FNDA:0,isRecord
FNDA:0,parseStoredTask
FNDA:0,parseStoredTasks
FNDA:0,(anonymous_41)
DA:1,0
DA:22,0
DA:36,0
DA:38,0
DA:49,0
DA:50,0
DA:51,0
DA:52,0
DA:55,0
DA:56,0
DA:58,0
DA:59,0
DA:62,0
DA:64,0
DA:65,0
DA:68,0
DA:70,0
DA:71,0
DA:74,0
DA:77,0
DA:78,0
DA:81,0
DA:82,0
DA:83,0
DA:86,0
DA:87,0
DA:90,0
DA:92,0
DA:93,0
DA:96,0
DA:98,0
DA:101,0
DA:113,0
DA:114,0
DA:115,0
DA:117,0
DA:118,0
DA:119,0
DA:120,0
DA:121,0
DA:122,0
DA:123,0
DA:125,0
DA:127,0
DA:133,0
DA:134,0
DA:135,0
DA:139,0
DA:141,0
DA:142,0
DA:143,0
DA:144,0
DA:149,0
DA:150,0
DA:151,0
DA:154,0
DA:155,0
DA:156,0
DA:157,0
DA:160,0
DA:161,0
DA:162,0
DA:164,0
DA:165,0
DA:166,0
DA:167,0
DA:169,0
DA:171,0
DA:172,0
DA:173,0
DA:176,0
DA:179,0
DA:181,0
DA:182,0
DA:186,0
DA:200,0
DA:207,0
DA:210,0
DA:211,0
DA:214,0
DA:215,0
DA:217,0
DA:218,0
DA:220,0
DA:229,0
DA:230,0
DA:231,0
DA:232,0
DA:235,0
DA:237,0
DA:238,0
DA:244,0
DA:252,0
DA:253,0
DA:254,0
DA:255,0
DA:258,0
DA:265,0
DA:266,0
DA:267,0
DA:268,0
DA:271,0
DA:278,0
DA:279,0
DA:280,0
DA:285,0
DA:293,0
DA:294,0
DA:295,0
DA:296,0
DA:298,0
DA:299,0
DA:300,0
DA:301,0
DA:303,0
DA:306,0
DA:307,0
DA:308,0
DA:312,0
DA:314,0
DA:324,0
DA:325,0
DA:333,0
DA:339,0
DA:340,0
DA:343,0
DA:348,0
DA:349,0
DA:351,0
DA:355,0
DA:356,0
DA:363,0
DA:364,0
DA:365,0
DA:366,0
DA:369,0
DA:370,0
DA:371,0
DA:374,0
DA:377,0
DA:378,0
DA:380,0
DA:385,0
DA:391,0
DA:421,0
DA:425,0
DA:426,0
DA:429,0
DA:430,0
DA:431,0
DA:432,0
DA:433,0
DA:436,0
DA:445,0
DA:446,0
DA:449,0
DA:450,0
DA:453,0
DA:454,0
DA:455,0
DA:458,0
DA:466,0
DA:476,0
DA:477,0
DA:480,0
LF:165
LH:0
BRDA:36,0,0,0
BRDA:36,0,1,0
BRDA:51,1,0,0
BRDA:51,1,1,0
BRDA:58,2,0,0
BRDA:58,2,1,0
BRDA:64,3,0,0
BRDA:64,3,1,0
BRDA:70,4,0,0
BRDA:70,4,1,0
BRDA:82,5,0,0
BRDA:82,5,1,0
BRDA:86,6,0,0
BRDA:86,6,1,0
BRDA:92,7,0,0
BRDA:92,7,1,0
BRDA:118,8,0,0
BRDA:118,8,1,0
BRDA:120,9,0,0
BRDA:120,9,1,0
BRDA:134,10,0,0
BRDA:134,10,1,0
BRDA:142,11,0,0
BRDA:142,11,1,0
BRDA:143,12,0,0
BRDA:143,12,1,0
BRDA:150,13,0,0
BRDA:150,13,1,0
BRDA:156,14,0,0
BRDA:156,14,1,0
BRDA:160,15,0,0
BRDA:160,15,1,0
BRDA:164,16,0,0
BRDA:164,16,1,0
BRDA:166,17,0,0
BRDA:166,17,1,0
BRDA:171,18,0,0
BRDA:171,18,1,0
BRDA:182,19,0,0
BRDA:182,19,1,0
BRDA:189,20,0,0
BRDA:189,20,1,0
BRDA:194,21,0,0
BRDA:194,21,1,0
BRDA:217,22,0,0
BRDA:217,22,1,0
BRDA:224,23,0,0
BRDA:224,23,1,0
BRDA:231,24,0,0
BRDA:231,24,1,0
BRDA:237,25,0,0
BRDA:237,25,1,0
BRDA:254,26,0,0
BRDA:254,26,1,0
BRDA:267,27,0,0
BRDA:267,27,1,0
BRDA:298,28,0,0
BRDA:298,28,1,0
BRDA:300,29,0,0
BRDA:300,29,1,0
BRDA:307,30,0,0
BRDA:307,30,1,0
BRDA:343,31,0,0
BRDA:343,31,1,0
BRDA:364,32,0,0
BRDA:364,32,1,0
BRDA:369,33,0,0
BRDA:369,33,1,0
BRDA:385,34,0,0
BRDA:385,34,1,0
BRDA:387,35,0,0
BRDA:387,35,1,0
BRDA:421,36,0,0
BRDA:421,36,1,0
BRDA:425,37,0,0
BRDA:425,37,1,0
BRDA:436,38,0,0
BRDA:436,38,1,0
BRDA:436,38,2,0
BRDA:436,38,3,0
BRDA:436,38,4,0
BRDA:436,38,5,0
BRDA:436,38,6,0
BRDA:436,38,7,0
BRDA:445,39,0,0
BRDA:445,39,1,0
BRDA:449,40,0,0
BRDA:449,40,1,0
BRDA:454,41,0,0
BRDA:454,41,1,0
BRDA:476,42,0,0
BRDA:476,42,1,0
BRF:92
BRH:0
end_of_record
TN:
SF:src/modules/pomodoro/presentation/views/pomodoro-home.view.tsx
FN:8,(anonymous_1)
FNF:1
FNH:0
FNDA:0,(anonymous_1)
DA:3,0
DA:4,0
DA:5,0
DA:6,0
DA:8,0
DA:27,0
DA:29,0
LF:7
LH:0
BRDA:33,0,0,0
BRDA:33,0,1,0
BRDA:35,1,0,0
BRDA:35,1,1,0
BRDA:55,2,0,0
BRDA:55,2,1,0
BRDA:78,3,0,0
BRDA:78,3,1,0
BRDA:80,4,0,0
BRDA:80,4,1,0
BRDA:82,5,0,0
BRDA:82,5,1,0
BRDA:91,6,0,0
BRDA:91,6,1,0
BRDA:93,7,0,0
BRDA:93,7,1,0
BRDA:95,8,0,0
BRDA:95,8,1,0
BRDA:100,9,0,0
BRDA:100,9,1,0
BRDA:102,10,0,0
BRDA:102,10,1,0
BRDA:104,11,0,0
BRDA:104,11,1,0
BRDA:115,12,0,0
BRDA:115,12,1,0
BRDA:117,13,0,0
BRDA:117,13,1,0
BRDA:152,14,0,0
BRDA:152,14,1,0
BRDA:158,15,0,0
BRDA:158,15,1,0
BRDA:174,16,0,0
BRDA:174,16,1,0
BRDA:182,17,0,0
BRDA:182,17,1,0
BRDA:189,18,0,0
BRDA:189,18,1,0
BRDA:201,19,0,0
BRDA:201,19,1,0
BRDA:201,19,2,0
BRF:41
BRH:0
end_of_record
